
-------------------------------------------------------------------------------
   ROBOCOPY     ::     Robust File Copy for Windows                              
-------------------------------------------------------------------------------

  Started : 30 Haziran 2025 Pazartesi 10:56:33
   Source : C:\Users\LAB 7\Desktop\rn\
     Dest : C:\Users\LAB 7\Desktop\MyProjects\React-Projects\link-button\

    Files : *.*
	    
  Options : *.* /S /E /DCOPY:DA /COPY:DAT /ZB /R:1 /W:1 

------------------------------------------------------------------------------

ERROR : You do not have the Backup and Restore Files user rights.
*****  You need these to perform Backup copies (/B or /ZB).

ERROR : Robocopy ran out of memory, exiting.
ERROR : Invalid Parameter #%d : "%s"

ERROR : Invalid Job File, Line #%d :"%s"


  Started : %s %s

   Source %c 

     Dest %c 
       Simple Usage :: ROBOCOPY source destination /MIR

             source :: Source Directory (drive:\path or \\server\share\path).
        destination :: Destination Dir  (drive:\path or \\server\share\path).
               /MIR :: Mirror a complete directory tree.

    For more usage information run ROBOCOPY /?

                                                          
****  /MIR can DELETE files as well as copy them !
